<?xml version="1.0" encoding="UTF-8"?>
<!-- Generated by org.testng.reporters.JUnitReportReporter -->
<testsuite hostname="DESKTOP-K883J36" failures="0" tests="1" name="Requers.Post_using_Json" time="5.021" errors="0" timestamp="2024-02-26T13:16:42 IST" skipped="0">
  <testcase classname="Requers.Post_using_Json" name="post_users" time="5.021"/>
  <system-out/>
</testsuite> <!-- Requers.Post_using_Json -->
