<?xml version="1.0" encoding="UTF-8"?>
<!-- Generated by org.testng.reporters.JUnitReportReporter -->
<testsuite hostname="DESKTOP-K883J36" failures="0" tests="5" name="Requers.practise" time="7.171" errors="0" timestamp="2024-02-26T13:05:57 IST" skipped="0">
  <testcase classname="Requers.practise" name="delete_user" time="3.858"/>
  <system-out/>
  <testcase classname="Requers.practise" name="getlistusers1" time="1.408"/>
  <system-out/>
  <testcase classname="Requers.practise" name="getlistofusers" time="0.246"/>
  <system-out/>
  <testcase classname="Requers.practise" name="create_user" time="1.048"/>
  <system-out/>
  <testcase classname="Requers.practise" name="update_user" time="0.611"/>
  <system-out/>
</testsuite> <!-- Requers.practise -->
