<?xml version="1.0" encoding="UTF-8"?>
<!-- Generated by org.testng.reporters.JUnitReportReporter -->
<testsuite hostname="DESKTOP-K883J36" failures="0" tests="2" name="Requers.Get_using_json" time="5.046" errors="0" timestamp="2024-02-26T13:31:43 IST" skipped="0">
  <testcase classname="Requers.Get_using_json" name="update_users" time="4.755"/>
  <system-out/>
  <testcase classname="Requers.Get_using_json" name="get_users" time="0.291"/>
  <system-out/>
</testsuite> <!-- Requers.Get_using_json -->
