<?xml version="1.0" encoding="UTF-8"?>
<!-- Generated by org.testng.reporters.JUnitReportReporter -->
<testsuite hostname="DESKTOP-K883J36" failures="0" tests="1" name="Bookstore.bookstore1" time="8.810" errors="0" timestamp="2024-02-26T16:17:31 IST" skipped="0">
  <testcase classname="Bookstore.bookstore1" name="bookstore1" time="8.810"/>
  <system-out/>
</testsuite> <!-- Bookstore.bookstore1 -->
